# JRE version: OpenJDK Runtime Environment (17.0.6) (build 17.0.6+0-b2043.56-10027231)
# Java VM: OpenJDK 64-Bit Server VM (17.0.6+0-b2043.56-10027231, mixed mode, tiered, compressed oops, compressed class ptrs, g1 gc, windows-amd64)
GC Precious Log:
 CPUs: 12 total, 12 available
 Memory: 7521M
 Large Page Support: Disabled
 NUMA Support: Disabled
 Compressed Oops: Enabled (Zero based)
 Heap Region Size: 2M
 Heap Min Capacity: 8M
 Heap Initial Capacity: 118M
 Heap Max Capacity: 4G
 Pre-touch: Disabled
 Parallel Workers: 10
 Concurrent Workers: 3
 Concurrent Refinement Workers: 10
 Periodic GC: Disabled
Heap:
 garbage-first heap   total 165888K, used 131677K [0x0000000700000000, 0x0000000800000000)
  region size 2048K, 23 young (47104K), 3 survivors (6144K)
 Metaspace       used 126784K, committed 127552K, reserved 1163264K
  class space    used 16694K, committed 17024K, reserved 1048576K
GC Heap History (20 events):
Event: 17.073 GC heap before
{Heap before GC invocations=31 (full 0):
 garbage-first heap   total 112640K, used 84342K [0x0000000700000000, 0x0000000800000000)
  region size 2048K, 13 young (26624K), 2 survivors (4096K)
 Metaspace       used 89962K, committed 90560K, reserved 1130496K
  class space    used 12268K, committed 12544K, reserved 1048576K
}
Event: 17.078 GC heap after
{Heap after GC invocations=32 (full 0):
 garbage-first heap   total 112640K, used 63252K [0x0000000700000000, 0x0000000800000000)
  region size 2048K, 2 young (4096K), 2 survivors (4096K)
 Metaspace       used 89962K, committed 90560K, reserved 1130496K
  class space    used 12268K, committed 12544K, reserved 1048576K
}
Event: 17.441 GC heap before
{Heap before GC invocations=32 (full 0):
 garbage-first heap   total 112640K, used 89876K [0x0000000700000000, 0x0000000800000000)
  region size 2048K, 15 young (30720K), 2 survivors (4096K)
 Metaspace       used 91937K, committed 92416K, reserved 1130496K
  class space    used 12488K, committed 12736K, reserved 1048576K
}
Event: 17.446 GC heap after
{Heap after GC invocations=33 (full 0):
 garbage-first heap   total 112640K, used 67222K [0x0000000700000000, 0x0000000800000000)
  region size 2048K, 2 young (4096K), 2 survivors (4096K)
 Metaspace       used 91937K, committed 92416K, reserved 1130496K
  class space    used 12488K, committed 12736K, reserved 1048576K
}
Event: 17.830 GC heap before
{Heap before GC invocations=34 (full 0):
 garbage-first heap   total 120832K, used 91798K [0x0000000700000000, 0x0000000800000000)
  region size 2048K, 14 young (28672K), 2 survivors (4096K)
 Metaspace       used 92923K, committed 93504K, reserved 1130496K
  class space    used 12613K, committed 12864K, reserved 1048576K
}
Event: 17.839 GC heap after
{Heap after GC invocations=35 (full 0):
 garbage-first heap   total 120832K, used 67678K [0x0000000700000000, 0x0000000800000000)
  region size 2048K, 1 young (2048K), 1 survivors (2048K)
 Metaspace       used 92923K, committed 93504K, reserved 1130496K
  class space    used 12613K, committed 12864K, reserved 1048576K
}
Event: 18.293 GC heap before
{Heap before GC invocations=35 (full 0):
 garbage-first heap   total 120832K, used 96350K [0x0000000700000000, 0x0000000800000000)
  region size 2048K, 15 young (30720K), 1 survivors (2048K)
 Metaspace       used 94304K, committed 94848K, reserved 1138688K
  class space    used 12750K, committed 12992K, reserved 1048576K
}
Event: 18.296 GC heap after
{Heap after GC invocations=36 (full 0):
 garbage-first heap   total 120832K, used 70393K [0x0000000700000000, 0x0000000800000000)
  region size 2048K, 2 young (4096K), 2 survivors (4096K)
 Metaspace       used 94304K, committed 94848K, reserved 1138688K
  class space    used 12750K, committed 12992K, reserved 1048576K
}
Event: 18.761 GC heap before
{Heap before GC invocations=37 (full 0):
 garbage-first heap   total 137216K, used 97017K [0x0000000700000000, 0x0000000800000000)
  region size 2048K, 15 young (30720K), 2 survivors (4096K)
 Metaspace       used 96452K, committed 96960K, reserved 1138688K
  class space    used 13010K, committed 13248K, reserved 1048576K
}
Event: 18.772 GC heap after
{Heap after GC invocations=38 (full 0):
 garbage-first heap   total 165888K, used 72002K [0x0000000700000000, 0x0000000800000000)
  region size 2048K, 1 young (2048K), 1 survivors (2048K)
 Metaspace       used 96452K, committed 96960K, reserved 1138688K
  class space    used 13010K, committed 13248K, reserved 1048576K
}
Event: 20.161 GC heap before
{Heap before GC invocations=38 (full 0):
 garbage-first heap   total 165888K, used 129346K [0x0000000700000000, 0x0000000800000000)
  region size 2048K, 29 young (59392K), 1 survivors (2048K)
 Metaspace       used 102376K, committed 102976K, reserved 1138688K
  class space    used 13610K, committed 13888K, reserved 1048576K
}
Event: 20.166 GC heap after
{Heap after GC invocations=39 (full 0):
 garbage-first heap   total 165888K, used 75860K [0x0000000700000000, 0x0000000800000000)
  region size 2048K, 3 young (6144K), 3 survivors (6144K)
 Metaspace       used 102376K, committed 102976K, reserved 1138688K
  class space    used 13610K, committed 13888K, reserved 1048576K
}
Event: 21.585 GC heap before
{Heap before GC invocations=39 (full 0):
 garbage-first heap   total 165888K, used 129108K [0x0000000700000000, 0x0000000800000000)
  region size 2048K, 29 young (59392K), 3 survivors (6144K)
 Metaspace       used 109462K, committed 110016K, reserved 1146880K
  class space    used 14409K, committed 14656K, reserved 1048576K
}
Event: 21.590 GC heap after
{Heap after GC invocations=40 (full 0):
 garbage-first heap   total 165888K, used 77138K [0x0000000700000000, 0x0000000800000000)
  region size 2048K, 3 young (6144K), 3 survivors (6144K)
 Metaspace       used 109462K, committed 110016K, reserved 1146880K
  class space    used 14409K, committed 14656K, reserved 1048576K
}
Event: 22.782 GC heap before
{Heap before GC invocations=40 (full 0):
 garbage-first heap   total 165888K, used 130386K [0x0000000700000000, 0x0000000800000000)
  region size 2048K, 29 young (59392K), 3 survivors (6144K)
 Metaspace       used 116585K, committed 117120K, reserved 1155072K
  class space    used 15165K, committed 15424K, reserved 1048576K
}
Event: 22.788 GC heap after
{Heap after GC invocations=41 (full 0):
 garbage-first heap   total 165888K, used 71944K [0x0000000700000000, 0x0000000800000000)
  region size 2048K, 2 young (4096K), 2 survivors (4096K)
 Metaspace       used 116585K, committed 117120K, reserved 1155072K
  class space    used 15165K, committed 15424K, reserved 1048576K
}
Event: 25.131 GC heap before
{Heap before GC invocations=41 (full 0):
 garbage-first heap   total 165888K, used 133384K [0x0000000700000000, 0x0000000800000000)
  region size 2048K, 32 young (65536K), 2 survivors (4096K)
 Metaspace       used 122160K, committed 122752K, reserved 1163264K
  class space    used 16127K, committed 16384K, reserved 1048576K
}
Event: 25.135 GC heap after
{Heap after GC invocations=42 (full 0):
 garbage-first heap   total 165888K, used 74769K [0x0000000700000000, 0x0000000800000000)
  region size 2048K, 3 young (6144K), 3 survivors (6144K)
 Metaspace       used 122160K, committed 122752K, reserved 1163264K
  class space    used 16127K, committed 16384K, reserved 1048576K
}
Event: 43.718 GC heap before
{Heap before GC invocations=42 (full 0):
 garbage-first heap   total 165888K, used 130065K [0x0000000700000000, 0x0000000800000000)
  region size 2048K, 30 young (61440K), 3 survivors (6144K)
 Metaspace       used 124507K, committed 125184K, reserved 1163264K
  class space    used 16396K, committed 16704K, reserved 1048576K
}
Event: 43.872 GC heap after
{Heap after GC invocations=43 (full 0):
 garbage-first heap   total 165888K, used 88669K [0x0000000700000000, 0x0000000800000000)
  region size 2048K, 4 young (8192K), 4 survivors (8192K)
 Metaspace       used 124507K, committed 125184K, reserved 1163264K
  class space    used 16396K, committed 16704K, reserved 1048576K
}

