# JRE version: OpenJDK Runtime Environment (17.0.6) (build 17.0.6+0-b2043.56-10027231)
# Java VM: OpenJDK 64-Bit Server VM (17.0.6+0-b2043.56-10027231, mixed mode, tiered, compressed oops, compressed class ptrs, g1 gc, windows-amd64)
GC Precious Log:
 CPUs: 4 total, 4 available
 Memory: 8067M
 Large Page Support: Disabled
 NUMA Support: Disabled
 Compressed Oops: Enabled (Zero based)
 Heap Region Size: 2M
 Heap Min Capacity: 8M
 Heap Initial Capacity: 128M
 Heap Max Capacity: 4G
 Pre-touch: Disabled
 Parallel Workers: 4
 Concurrent Workers: 1
 Concurrent Refinement Workers: 4
 Periodic GC: Disabled
Heap:
 garbage-first heap   total 335872K, used 201763K [0x0000000700000000, 0x0000000800000000)
  region size 2048K, 12 young (24576K), 2 survivors (4096K)
 Metaspace       used 114075K, committed 115584K, reserved 1155072K
  class space    used 15693K, committed 16320K, reserved 1048576K
GC Heap History (20 events):
Event: 186.750 GC heap before
{Heap before GC invocations=63 (full 0):
 garbage-first heap   total 194560K, used 155294K [0x0000000700000000, 0x0000000800000000)
  region size 2048K, 20 young (40960K), 3 survivors (6144K)
 Metaspace       used 99239K, committed 100224K, reserved 1138688K
  class space    used 13722K, committed 14144K, reserved 1048576K
}
Event: 186.767 GC heap after
{Heap after GC invocations=64 (full 0):
 garbage-first heap   total 194560K, used 126177K [0x0000000700000000, 0x0000000800000000)
  region size 2048K, 3 young (6144K), 3 survivors (6144K)
 Metaspace       used 99239K, committed 100224K, reserved 1138688K
  class space    used 13722K, committed 14144K, reserved 1048576K
}
Event: 189.342 GC heap before
{Heap before GC invocations=65 (full 0):
 garbage-first heap   total 223232K, used 154849K [0x0000000700000000, 0x0000000800000000)
  region size 2048K, 18 young (36864K), 3 survivors (6144K)
 Metaspace       used 99655K, committed 100672K, reserved 1138688K
  class space    used 13772K, committed 14208K, reserved 1048576K
}
Event: 189.363 GC heap after
{Heap after GC invocations=66 (full 0):
 garbage-first heap   total 223232K, used 131693K [0x0000000700000000, 0x0000000800000000)
  region size 2048K, 3 young (6144K), 3 survivors (6144K)
 Metaspace       used 99655K, committed 100672K, reserved 1138688K
  class space    used 13772K, committed 14208K, reserved 1048576K
}
Event: 192.813 GC heap before
{Heap before GC invocations=66 (full 0):
 garbage-first heap   total 223232K, used 176749K [0x0000000700000000, 0x0000000800000000)
  region size 2048K, 25 young (51200K), 3 survivors (6144K)
 Metaspace       used 100123K, committed 101248K, reserved 1138688K
  class space    used 13820K, committed 14272K, reserved 1048576K
}
Event: 192.835 GC heap after
{Heap after GC invocations=67 (full 0):
 garbage-first heap   total 223232K, used 139996K [0x0000000700000000, 0x0000000800000000)
  region size 2048K, 4 young (8192K), 4 survivors (8192K)
 Metaspace       used 100123K, committed 101248K, reserved 1138688K
  class space    used 13820K, committed 14272K, reserved 1048576K
}
Event: 195.459 GC heap before
{Heap before GC invocations=68 (full 0):
 garbage-first heap   total 253952K, used 174812K [0x0000000700000000, 0x0000000800000000)
  region size 2048K, 22 young (45056K), 4 survivors (8192K)
 Metaspace       used 100695K, committed 101824K, reserved 1138688K
  class space    used 13896K, committed 14336K, reserved 1048576K
}
Event: 195.485 GC heap after
{Heap after GC invocations=69 (full 0):
 garbage-first heap   total 253952K, used 146418K [0x0000000700000000, 0x0000000800000000)
  region size 2048K, 3 young (6144K), 3 survivors (6144K)
 Metaspace       used 100695K, committed 101824K, reserved 1138688K
  class space    used 13896K, committed 14336K, reserved 1048576K
}
Event: 202.258 GC heap before
{Heap before GC invocations=69 (full 0):
 garbage-first heap   total 253952K, used 199666K [0x0000000700000000, 0x0000000800000000)
  region size 2048K, 29 young (59392K), 3 survivors (6144K)
 Metaspace       used 101357K, committed 102656K, reserved 1138688K
  class space    used 13981K, committed 14528K, reserved 1048576K
}
Event: 202.292 GC heap after
{Heap after GC invocations=70 (full 0):
 garbage-first heap   total 305152K, used 155362K [0x0000000700000000, 0x0000000800000000)
  region size 2048K, 4 young (8192K), 4 survivors (8192K)
 Metaspace       used 101357K, committed 102656K, reserved 1138688K
  class space    used 13981K, committed 14528K, reserved 1048576K
}
Event: 209.423 GC heap before
{Heap before GC invocations=71 (full 0):
 garbage-first heap   total 305152K, used 237282K [0x0000000700000000, 0x0000000800000000)
  region size 2048K, 44 young (90112K), 4 survivors (8192K)
 Metaspace       used 107989K, committed 109312K, reserved 1146880K
  class space    used 14928K, committed 15488K, reserved 1048576K
}
Event: 209.468 GC heap after
{Heap after GC invocations=72 (full 0):
 garbage-first heap   total 305152K, used 161943K [0x0000000700000000, 0x0000000800000000)
  region size 2048K, 3 young (6144K), 3 survivors (6144K)
 Metaspace       used 107989K, committed 109312K, reserved 1146880K
  class space    used 14928K, committed 15488K, reserved 1048576K
}
Event: 209.895 GC heap before
{Heap before GC invocations=72 (full 0):
 garbage-first heap   total 305152K, used 170135K [0x0000000700000000, 0x0000000800000000)
  region size 2048K, 7 young (14336K), 3 survivors (6144K)
 Metaspace       used 108296K, committed 109632K, reserved 1146880K
  class space    used 14974K, committed 15552K, reserved 1048576K
}
Event: 209.921 GC heap after
{Heap after GC invocations=73 (full 0):
 garbage-first heap   total 305152K, used 163674K [0x0000000700000000, 0x0000000800000000)
  region size 2048K, 1 young (2048K), 1 survivors (2048K)
 Metaspace       used 108296K, committed 109632K, reserved 1146880K
  class space    used 14974K, committed 15552K, reserved 1048576K
}
Event: 213.962 GC heap before
{Heap before GC invocations=73 (full 0):
 garbage-first heap   total 305152K, used 243546K [0x0000000700000000, 0x0000000800000000)
  region size 2048K, 40 young (81920K), 1 survivors (2048K)
 Metaspace       used 110417K, committed 111808K, reserved 1146880K
  class space    used 15251K, committed 15872K, reserved 1048576K
}
Event: 214.000 GC heap after
{Heap after GC invocations=74 (full 0):
 garbage-first heap   total 305152K, used 177164K [0x0000000700000000, 0x0000000800000000)
  region size 2048K, 5 young (10240K), 5 survivors (10240K)
 Metaspace       used 110417K, committed 111808K, reserved 1146880K
  class space    used 15251K, committed 15872K, reserved 1048576K
}
Event: 309.417 GC heap before
{Heap before GC invocations=74 (full 0):
 garbage-first heap   total 305152K, used 242700K [0x0000000700000000, 0x0000000800000000)
  region size 2048K, 38 young (77824K), 5 survivors (10240K)
 Metaspace       used 112031K, committed 113472K, reserved 1146880K
  class space    used 15504K, committed 16128K, reserved 1048576K
}
Event: 309.451 GC heap after
{Heap after GC invocations=75 (full 0):
 garbage-first heap   total 305152K, used 184458K [0x0000000700000000, 0x0000000800000000)
  region size 2048K, 4 young (8192K), 4 survivors (8192K)
 Metaspace       used 112031K, committed 113472K, reserved 1146880K
  class space    used 15504K, committed 16128K, reserved 1048576K
}
Event: 321.387 GC heap before
{Heap before GC invocations=75 (full 0):
 garbage-first heap   total 305152K, used 245898K [0x0000000700000000, 0x0000000800000000)
  region size 2048K, 35 young (71680K), 4 survivors (8192K)
 Metaspace       used 113981K, committed 115392K, reserved 1155072K
  class space    used 15686K, committed 16256K, reserved 1048576K
}
Event: 321.408 GC heap after
{Heap after GC invocations=76 (full 0):
 garbage-first heap   total 305152K, used 185379K [0x0000000700000000, 0x0000000800000000)
  region size 2048K, 2 young (4096K), 2 survivors (4096K)
 Metaspace       used 113981K, committed 115392K, reserved 1155072K
  class space    used 15686K, committed 16256K, reserved 1048576K
}

